# JRE version: Java(TM) SE Runtime Environment (8.0_181-b13) (build 1.8.0_181-b13)
# Java VM: Java HotSpot(TM) 64-Bit Server VM (25.181-b13 mixed mode windows-amd64 compressed oops)
Heap:
 PSYoungGen      total 506880K, used 374643K [0x00000000d5f80000, 0x00000000f6b80000, 0x0000000100000000)
  eden space 487424K, 76% used [0x00000000d5f80000,0x00000000ecd5ccb0,0x00000000f3b80000)
  from space 19456K, 0% used [0x00000000f4e80000,0x00000000f4e80000,0x00000000f6180000)
  to   space 19456K, 0% used [0x00000000f3b80000,0x00000000f3b80000,0x00000000f4e80000)
 ParOldGen       total 103936K, used 36526K [0x0000000081e00000, 0x0000000088380000, 0x00000000d5f80000)
  object space 103936K, 35% used [0x0000000081e00000,0x00000000841abad0,0x0000000088380000)
 Metaspace       used 57972K, capacity 61570K, committed 61824K, reserved 1101824K
  class space    used 8122K, capacity 8736K, committed 8832K, reserved 1048576K
GC Heap History (10 events):
Event: 8.014 GC heap before
{Heap before GC invocations=14 (full 2):
 PSYoungGen      total 238080K, used 238066K [0x00000000d5f80000, 0x00000000ecf00000, 0x0000000100000000)
  eden space 221696K, 100% used [0x00000000d5f80000,0x00000000e3800000,0x00000000e3800000)
  from space 16384K, 99% used [0x00000000e3800000,0x00000000e47fc850,0x00000000e4800000)
  to   space 19968K, 0% used [0x00000000ebb80000,0x00000000ebb80000,0x00000000ecf00000)
 ParOldGen       total 79360K, used 26338K [0x0000000081e00000, 0x0000000086b80000, 0x00000000d5f80000)
  object space 79360K, 33% used [0x0000000081e00000,0x00000000837b89e8,0x0000000086b80000)
 Metaspace       used 53037K, capacity 55996K, committed 56064K, reserved 1097728K
  class space    used 7388K, capacity 7931K, committed 7936K, reserved 1048576K
Event: 8.031 GC heap after
Heap after GC invocations=14 (full 2):
 PSYoungGen      total 346112K, used 10622K [0x00000000d5f80000, 0x00000000ec980000, 0x0000000100000000)
  eden space 331776K, 0% used [0x00000000d5f80000,0x00000000d5f80000,0x00000000ea380000)
  from space 14336K, 74% used [0x00000000ebb80000,0x00000000ec5df8f8,0x00000000ec980000)
  to   space 19456K, 0% used [0x00000000ea380000,0x00000000ea380000,0x00000000eb680000)
 ParOldGen       total 79360K, used 35275K [0x0000000081e00000, 0x0000000086b80000, 0x00000000d5f80000)
  object space 79360K, 44% used [0x0000000081e00000,0x0000000084072d58,0x0000000086b80000)
 Metaspace       used 53037K, capacity 55996K, committed 56064K, reserved 1097728K
  class space    used 7388K, capacity 7931K, committed 7936K, reserved 1048576K
}
Event: 49.077 GC heap before
{Heap before GC invocations=15 (full 2):
 PSYoungGen      total 346112K, used 137718K [0x00000000d5f80000, 0x00000000ec980000, 0x0000000100000000)
  eden space 331776K, 38% used [0x00000000d5f80000,0x00000000ddb9e2a0,0x00000000ea380000)
  from space 14336K, 74% used [0x00000000ebb80000,0x00000000ec5df8f8,0x00000000ec980000)
  to   space 19456K, 0% used [0x00000000ea380000,0x00000000ea380000,0x00000000eb680000)
 ParOldGen       total 79360K, used 35275K [0x0000000081e00000, 0x0000000086b80000, 0x00000000d5f80000)
  object space 79360K, 44% used [0x0000000081e00000,0x0000000084072d58,0x0000000086b80000)
 Metaspace       used 55807K, capacity 59008K, committed 59136K, reserved 1099776K
  class space    used 7806K, capacity 8376K, committed 8448K, reserved 1048576K
Event: 49.087 GC heap after
Heap after GC invocations=15 (full 2):
 PSYoungGen      total 351232K, used 4513K [0x00000000d5f80000, 0x00000000f6180000, 0x0000000100000000)
  eden space 331776K, 0% used [0x00000000d5f80000,0x00000000d5f80000,0x00000000ea380000)
  from space 19456K, 23% used [0x00000000ea380000,0x00000000ea7e8538,0x00000000eb680000)
  to   space 19456K, 0% used [0x00000000f4e80000,0x00000000f4e80000,0x00000000f6180000)
 ParOldGen       total 79360K, used 42171K [0x0000000081e00000, 0x0000000086b80000, 0x00000000d5f80000)
  object space 79360K, 53% used [0x0000000081e00000,0x000000008472ed78,0x0000000086b80000)
 Metaspace       used 55807K, capacity 59008K, committed 59136K, reserved 1099776K
  class space    used 7806K, capacity 8376K, committed 8448K, reserved 1048576K
}
Event: 49.087 GC heap before
{Heap before GC invocations=16 (full 3):
 PSYoungGen      total 351232K, used 4513K [0x00000000d5f80000, 0x00000000f6180000, 0x0000000100000000)
  eden space 331776K, 0% used [0x00000000d5f80000,0x00000000d5f80000,0x00000000ea380000)
  from space 19456K, 23% used [0x00000000ea380000,0x00000000ea7e8538,0x00000000eb680000)
  to   space 19456K, 0% used [0x00000000f4e80000,0x00000000f4e80000,0x00000000f6180000)
 ParOldGen       total 79360K, used 42171K [0x0000000081e00000, 0x0000000086b80000, 0x00000000d5f80000)
  object space 79360K, 53% used [0x0000000081e00000,0x000000008472ed78,0x0000000086b80000)
 Metaspace       used 55807K, capacity 59008K, committed 59136K, reserved 1099776K
  class space    used 7806K, capacity 8376K, committed 8448K, reserved 1048576K
Event: 49.223 GC heap after
Heap after GC invocations=16 (full 3):
 PSYoungGen      total 351232K, used 0K [0x00000000d5f80000, 0x00000000f6180000, 0x0000000100000000)
  eden space 331776K, 0% used [0x00000000d5f80000,0x00000000d5f80000,0x00000000ea380000)
  from space 19456K, 0% used [0x00000000ea380000,0x00000000ea380000,0x00000000eb680000)
  to   space 19456K, 0% used [0x00000000f4e80000,0x00000000f4e80000,0x00000000f6180000)
 ParOldGen       total 103936K, used 38759K [0x0000000081e00000, 0x0000000088380000, 0x00000000d5f80000)
  object space 103936K, 37% used [0x0000000081e00000,0x00000000843d9f00,0x0000000088380000)
 Metaspace       used 55807K, capacity 59008K, committed 59136K, reserved 1099776K
  class space    used 7806K, capacity 8376K, committed 8448K, reserved 1048576K
}
Event: 247.909 GC heap before
{Heap before GC invocations=17 (full 3):
 PSYoungGen      total 351232K, used 160961K [0x00000000d5f80000, 0x00000000f6180000, 0x0000000100000000)
  eden space 331776K, 48% used [0x00000000d5f80000,0x00000000dfcb07c0,0x00000000ea380000)
  from space 19456K, 0% used [0x00000000ea380000,0x00000000ea380000,0x00000000eb680000)
  to   space 19456K, 0% used [0x00000000f4e80000,0x00000000f4e80000,0x00000000f6180000)
 ParOldGen       total 103936K, used 38759K [0x0000000081e00000, 0x0000000088380000, 0x00000000d5f80000)
  object space 103936K, 37% used [0x0000000081e00000,0x00000000843d9f00,0x0000000088380000)
 Metaspace       used 57219K, capacity 60636K, committed 60928K, reserved 1101824K
  class space    used 8030K, capacity 8619K, committed 8704K, reserved 1048576K
Event: 247.924 GC heap after
Heap after GC invocations=17 (full 3):
 PSYoungGen      total 506880K, used 1898K [0x00000000d5f80000, 0x00000000f6b80000, 0x0000000100000000)
  eden space 487424K, 0% used [0x00000000d5f80000,0x00000000d5f80000,0x00000000f3b80000)
  from space 19456K, 9% used [0x00000000f4e80000,0x00000000f505a9a0,0x00000000f6180000)
  to   space 19456K, 0% used [0x00000000f3b80000,0x00000000f3b80000,0x00000000f4e80000)
 ParOldGen       total 103936K, used 38767K [0x0000000081e00000, 0x0000000088380000, 0x00000000d5f80000)
  object space 103936K, 37% used [0x0000000081e00000,0x00000000843dbf00,0x0000000088380000)
 Metaspace       used 57219K, capacity 60636K, committed 60928K, reserved 1101824K
  class space    used 8030K, capacity 8619K, committed 8704K, reserved 1048576K
}
Event: 247.924 GC heap before
{Heap before GC invocations=18 (full 4):
 PSYoungGen      total 506880K, used 1898K [0x00000000d5f80000, 0x00000000f6b80000, 0x0000000100000000)
  eden space 487424K, 0% used [0x00000000d5f80000,0x00000000d5f80000,0x00000000f3b80000)
  from space 19456K, 9% used [0x00000000f4e80000,0x00000000f505a9a0,0x00000000f6180000)
  to   space 19456K, 0% used [0x00000000f3b80000,0x00000000f3b80000,0x00000000f4e80000)
 ParOldGen       total 103936K, used 38767K [0x0000000081e00000, 0x0000000088380000, 0x00000000d5f80000)
  object space 103936K, 37% used [0x0000000081e00000,0x00000000843dbf00,0x0000000088380000)
 Metaspace       used 57219K, capacity 60636K, committed 60928K, reserved 1101824K
  class space    used 8030K, capacity 8619K, committed 8704K, reserved 1048576K
Event: 248.167 GC heap after
Heap after GC invocations=18 (full 4):
 PSYoungGen      total 506880K, used 0K [0x00000000d5f80000, 0x00000000f6b80000, 0x0000000100000000)
  eden space 487424K, 0% used [0x00000000d5f80000,0x00000000d5f80000,0x00000000f3b80000)
  from space 19456K, 0% used [0x00000000f4e80000,0x00000000f4e80000,0x00000000f6180000)
  to   space 19456K, 0% used [0x00000000f3b80000,0x00000000f3b80000,0x00000000f4e80000)
 ParOldGen       total 103936K, used 36526K [0x0000000081e00000, 0x0000000088380000, 0x00000000d5f80000)
  object space 103936K, 35% used [0x0000000081e00000,0x00000000841abad0,0x0000000088380000)
 Metaspace       used 57219K, capacity 60636K, committed 60928K, reserved 1101824K
  class space    used 8030K, capacity 8619K, committed 8704K, reserved 1048576K
}

