# JRE version: Java(TM) SE Runtime Environment (8.0_181-b13) (build 1.8.0_181-b13)
# Java VM: Java HotSpot(TM) 64-Bit Server VM (25.181-b13 mixed mode windows-amd64 compressed oops)
Heap:
 PSYoungGen      total 359936K, used 102091K [0x00000000d5f80000, 0x00000000f7600000, 0x0000000100000000)
  eden space 339968K, 30% used [0x00000000d5f80000,0x00000000dc332e98,0x00000000eab80000)
  from space 19968K, 0% used [0x00000000eab80000,0x00000000eab80000,0x00000000ebf00000)
  to   space 19968K, 0% used [0x00000000f6280000,0x00000000f6280000,0x00000000f7600000)
 ParOldGen       total 102912K, used 39064K [0x0000000081e00000, 0x0000000088280000, 0x00000000d5f80000)
  object space 102912K, 37% used [0x0000000081e00000,0x0000000084426268,0x0000000088280000)
 Metaspace       used 60820K, capacity 64386K, committed 64640K, reserved 1105920K
  class space    used 8417K, capacity 9047K, committed 9088K, reserved 1048576K
GC Heap History (10 events):
Event: 4.634 GC heap before
{Heap before GC invocations=12 (full 2):
 PSYoungGen      total 241152K, used 5705K [0x00000000d5f80000, 0x00000000e8080000, 0x0000000100000000)
  eden space 224256K, 0% used [0x00000000d5f80000,0x00000000d5f80000,0x00000000e3a80000)
  from space 16896K, 33% used [0x00000000e4a80000,0x00000000e50126c0,0x00000000e5b00000)
  to   space 16384K, 0% used [0x00000000e3a80000,0x00000000e3a80000,0x00000000e4a80000)
 ParOldGen       total 54784K, used 24887K [0x0000000081e00000, 0x0000000085380000, 0x00000000d5f80000)
  object space 54784K, 45% used [0x0000000081e00000,0x000000008364ded8,0x0000000085380000)
 Metaspace       used 33424K, capacity 35354K, committed 35496K, reserved 1079296K
  class space    used 4623K, capacity 5016K, committed 5120K, reserved 1048576K
Event: 4.700 GC heap after
Heap after GC invocations=12 (full 2):
 PSYoungGen      total 241152K, used 0K [0x00000000d5f80000, 0x00000000e8080000, 0x0000000100000000)
  eden space 224256K, 0% used [0x00000000d5f80000,0x00000000d5f80000,0x00000000e3a80000)
  from space 16896K, 0% used [0x00000000e4a80000,0x00000000e4a80000,0x00000000e5b00000)
  to   space 16384K, 0% used [0x00000000e3a80000,0x00000000e3a80000,0x00000000e4a80000)
 ParOldGen       total 78336K, used 22357K [0x0000000081e00000, 0x0000000086a80000, 0x00000000d5f80000)
  object space 78336K, 28% used [0x0000000081e00000,0x00000000833d5660,0x0000000086a80000)
 Metaspace       used 33424K, capacity 35354K, committed 35496K, reserved 1079296K
  class space    used 4623K, capacity 5016K, committed 5120K, reserved 1048576K
}
Event: 6.937 GC heap before
{Heap before GC invocations=13 (full 2):
 PSYoungGen      total 241152K, used 224256K [0x00000000d5f80000, 0x00000000e8080000, 0x0000000100000000)
  eden space 224256K, 100% used [0x00000000d5f80000,0x00000000e3a80000,0x00000000e3a80000)
  from space 16896K, 0% used [0x00000000e4a80000,0x00000000e4a80000,0x00000000e5b00000)
  to   space 16384K, 0% used [0x00000000e3a80000,0x00000000e3a80000,0x00000000e4a80000)
 ParOldGen       total 78336K, used 22357K [0x0000000081e00000, 0x0000000086a80000, 0x00000000d5f80000)
  object space 78336K, 28% used [0x0000000081e00000,0x00000000833d5660,0x0000000086a80000)
 Metaspace       used 49320K, capacity 52008K, committed 52224K, reserved 1093632K
  class space    used 6817K, capacity 7317K, committed 7424K, reserved 1048576K
Event: 6.955 GC heap after
Heap after GC invocations=13 (full 2):
 PSYoungGen      total 240640K, used 16367K [0x00000000d5f80000, 0x00000000ed700000, 0x0000000100000000)
  eden space 224256K, 0% used [0x00000000d5f80000,0x00000000d5f80000,0x00000000e3a80000)
  from space 16384K, 99% used [0x00000000e3a80000,0x00000000e4a7bf70,0x00000000e4a80000)
  to   space 20480K, 0% used [0x00000000ec300000,0x00000000ec300000,0x00000000ed700000)
 ParOldGen       total 78336K, used 26433K [0x0000000081e00000, 0x0000000086a80000, 0x00000000d5f80000)
  object space 78336K, 33% used [0x0000000081e00000,0x00000000837d0580,0x0000000086a80000)
 Metaspace       used 49320K, capacity 52008K, committed 52224K, reserved 1093632K
  class space    used 6817K, capacity 7317K, committed 7424K, reserved 1048576K
}
Event: 8.414 GC heap before
{Heap before GC invocations=14 (full 2):
 PSYoungGen      total 240640K, used 240623K [0x00000000d5f80000, 0x00000000ed700000, 0x0000000100000000)
  eden space 224256K, 100% used [0x00000000d5f80000,0x00000000e3a80000,0x00000000e3a80000)
  from space 16384K, 99% used [0x00000000e3a80000,0x00000000e4a7bf70,0x00000000e4a80000)
  to   space 20480K, 0% used [0x00000000ec300000,0x00000000ec300000,0x00000000ed700000)
 ParOldGen       total 78336K, used 26433K [0x0000000081e00000, 0x0000000086a80000, 0x00000000d5f80000)
  object space 78336K, 33% used [0x0000000081e00000,0x00000000837d0580,0x0000000086a80000)
 Metaspace       used 53280K, capacity 56394K, committed 56704K, reserved 1097728K
  class space    used 7427K, capacity 7992K, committed 8064K, reserved 1048576K
Event: 8.431 GC heap after
Heap after GC invocations=14 (full 2):
 PSYoungGen      total 355840K, used 11360K [0x00000000d5f80000, 0x00000000ed280000, 0x0000000100000000)
  eden space 339968K, 0% used [0x00000000d5f80000,0x00000000d5f80000,0x00000000eab80000)
  from space 15872K, 71% used [0x00000000ec300000,0x00000000ece182c8,0x00000000ed280000)
  to   space 19968K, 0% used [0x00000000eab80000,0x00000000eab80000,0x00000000ebf00000)
 ParOldGen       total 78336K, used 35573K [0x0000000081e00000, 0x0000000086a80000, 0x00000000d5f80000)
  object space 78336K, 45% used [0x0000000081e00000,0x00000000840bd790,0x0000000086a80000)
 Metaspace       used 53280K, capacity 56394K, committed 56704K, reserved 1097728K
  class space    used 7427K, capacity 7992K, committed 8064K, reserved 1048576K
}
Event: 15.724 GC heap before
{Heap before GC invocations=15 (full 2):
 PSYoungGen      total 355840K, used 115227K [0x00000000d5f80000, 0x00000000ed280000, 0x0000000100000000)
  eden space 339968K, 30% used [0x00000000d5f80000,0x00000000dc4eecd0,0x00000000eab80000)
  from space 15872K, 71% used [0x00000000ec300000,0x00000000ece182c8,0x00000000ed280000)
  to   space 19968K, 0% used [0x00000000eab80000,0x00000000eab80000,0x00000000ebf00000)
 ParOldGen       total 78336K, used 35573K [0x0000000081e00000, 0x0000000086a80000, 0x00000000d5f80000)
  object space 78336K, 45% used [0x0000000081e00000,0x00000000840bd790,0x0000000086a80000)
 Metaspace       used 55735K, capacity 59028K, committed 59136K, reserved 1099776K
  class space    used 7772K, capacity 8352K, committed 8448K, reserved 1048576K
Event: 15.735 GC heap after
Heap after GC invocations=15 (full 2):
 PSYoungGen      total 359936K, used 4208K [0x00000000d5f80000, 0x00000000f7600000, 0x0000000100000000)
  eden space 339968K, 0% used [0x00000000d5f80000,0x00000000d5f80000,0x00000000eab80000)
  from space 19968K, 21% used [0x00000000eab80000,0x00000000eaf9c240,0x00000000ebf00000)
  to   space 19968K, 0% used [0x00000000f6280000,0x00000000f6280000,0x00000000f7600000)
 ParOldGen       total 78336K, used 42933K [0x0000000081e00000, 0x0000000086a80000, 0x00000000d5f80000)
  object space 78336K, 54% used [0x0000000081e00000,0x00000000847ed7b0,0x0000000086a80000)
 Metaspace       used 55735K, capacity 59028K, committed 59136K, reserved 1099776K
  class space    used 7772K, capacity 8352K, committed 8448K, reserved 1048576K
}
Event: 15.735 GC heap before
{Heap before GC invocations=16 (full 3):
 PSYoungGen      total 359936K, used 4208K [0x00000000d5f80000, 0x00000000f7600000, 0x0000000100000000)
  eden space 339968K, 0% used [0x00000000d5f80000,0x00000000d5f80000,0x00000000eab80000)
  from space 19968K, 21% used [0x00000000eab80000,0x00000000eaf9c240,0x00000000ebf00000)
  to   space 19968K, 0% used [0x00000000f6280000,0x00000000f6280000,0x00000000f7600000)
 ParOldGen       total 78336K, used 42933K [0x0000000081e00000, 0x0000000086a80000, 0x00000000d5f80000)
  object space 78336K, 54% used [0x0000000081e00000,0x00000000847ed7b0,0x0000000086a80000)
 Metaspace       used 55735K, capacity 59028K, committed 59136K, reserved 1099776K
  class space    used 7772K, capacity 8352K, committed 8448K, reserved 1048576K
Event: 15.889 GC heap after
Heap after GC invocations=16 (full 3):
 PSYoungGen      total 359936K, used 0K [0x00000000d5f80000, 0x00000000f7600000, 0x0000000100000000)
  eden space 339968K, 0% used [0x00000000d5f80000,0x00000000d5f80000,0x00000000eab80000)
  from space 19968K, 0% used [0x00000000eab80000,0x00000000eab80000,0x00000000ebf00000)
  to   space 19968K, 0% used [0x00000000f6280000,0x00000000f6280000,0x00000000f7600000)
 ParOldGen       total 102912K, used 39064K [0x0000000081e00000, 0x0000000088280000, 0x00000000d5f80000)
  object space 102912K, 37% used [0x0000000081e00000,0x0000000084426268,0x0000000088280000)
 Metaspace       used 55735K, capacity 59028K, committed 59136K, reserved 1099776K
  class space    used 7772K, capacity 8352K, committed 8448K, reserved 1048576K
}

